{
    "stats": {
      "suites": 3,
      "tests": 5,
      "passes": 4,
      "pending": 0,
      "failures": 1,
      "start": "2020-07-21T21:23:05.294Z",
      "end": "2020-07-21T21:23:05.294Z",
      "duration": 18332,
      "testsRegistered": 5,
      "passPercent": 80,
      "pendingPercent": 0,
      "other": 0,
      "hasOther": false,
      "skipped": 0,
      "hasSkipped": false
    },
    "results": [
      {
        "uuid": "41558a79-719d-4168-b1c4-3b2d13450dff",
        "title": "",
        "fullFile": "cypress\\integration\\viewport.spec.js",
        "file": "cypress\\integration\\viewport.spec.js",
        "beforeHooks": [],
        "afterHooks": [],
        "tests": [],
        "suites": [
          {
            "uuid": "8f6d35e5-c279-4d89-9793-38130fdbeab1",
            "title": "Viewport",
            "fullFile": "",
            "file": "",
            "beforeHooks": [],
            "afterHooks": [],
            "tests": [
              {
                "title": "cy.viewport() - set the viewport size and dimension",
                "fullTitle": "Viewport cy.viewport() - set the viewport size and dimension",
                "timedOut": null,
                "duration": 4120,
                "state": "passed",
                "speed": "slow",
                "pass": true,
                "fail": false,
                "pending": false,
                "context": null,
                "code": "// https://on.cypress.io/viewport\ncy.get('#navbar').should('be.visible');\ncy.viewport(320, 480); // the navbar should have collapse since our screen is smaller\ncy.get('#navbar').should('not.be.visible');\ncy.get('.navbar-toggle').should('be.visible').click();\ncy.get('.nav').find('a').should('be.visible'); // lets see what our app looks like on a super large screen\ncy.viewport(2999, 2999); // cy.viewport() accepts a set of preset sizes\n// to easily set the screen to a device's width and height\n// We added a cy.wait() between each viewport change so you can see\n// the change otherwise it is a little too fast to see :)\ncy.viewport('macbook-15');\ncy.wait(200);\ncy.viewport('macbook-13');\ncy.wait(200);\ncy.viewport('macbook-11');\ncy.wait(200);\ncy.viewport('ipad-2');\ncy.wait(200);\ncy.viewport('ipad-mini');\ncy.wait(200);\ncy.viewport('iphone-6+');\ncy.wait(200);\ncy.viewport('iphone-6');\ncy.wait(200);\ncy.viewport('iphone-5');\ncy.wait(200);\ncy.viewport('iphone-4');\ncy.wait(200);\ncy.viewport('iphone-3');\ncy.wait(200); // cy.viewport() accepts an orientation for all presets\n// the default orientation is 'portrait'\ncy.viewport('ipad-2', 'portrait');\ncy.wait(200);\ncy.viewport('iphone-4', 'landscape');\ncy.wait(200); // The viewport will be reset back to the default dimensions\n// in between tests (the  default can be set in cypress.json)",
                "err": {},
                "uuid": "9fac6353-91b1-44ee-a54a-506e110fba82",
                "parentUUID": "8f6d35e5-c279-4d89-9793-38130fdbeab1",
                "isHook": false,
                "skipped": false
              }
            ],
            "suites": [],
            "passes": [
              "9fac6353-91b1-44ee-a54a-506e110fba82"
            ],
            "failures": [],
            "pending": [],
            "skipped": [],
            "duration": 4120,
            "root": false,
            "rootEmpty": false,
            "_timeout": 2000
          }
        ],
        "passes": [],
        "failures": [],
        "pending": [],
        "skipped": [],
        "duration": 0,
        "root": true,
        "rootEmpty": true,
        "_timeout": 2000
      },
      {
        "uuid": "201d4feb-7d47-45f9-bc62-4704006655c0",
        "title": "",
        "fullFile": "cypress\\integration\\window.spec.js",
        "file": "cypress\\integration\\window.spec.js",
        "beforeHooks": [],
        "afterHooks": [],
        "tests": [],
        "suites": [
          {
            "uuid": "d3062c19-8be1-4086-8c9a-d320d426bf82",
            "title": "Window",
            "fullFile": "",
            "file": "",
            "beforeHooks": [],
            "afterHooks": [],
            "tests": [
              {
                "title": "cy.window() - get the global window object",
                "fullTitle": "Window cy.window() - get the global window object",
                "timedOut": null,
                "duration": 1168,
                "state": "passed",
                "speed": "slow",
                "pass": true,
                "fail": false,
                "pending": false,
                "context": null,
                "code": "// https://on.cypress.io/window\ncy.window().should('have.property', 'top');",
                "err": {},
                "uuid": "972ba974-17d1-45cf-97e3-378af445194f",
                "parentUUID": "d3062c19-8be1-4086-8c9a-d320d426bf82",
                "isHook": false,
                "skipped": false
              }
            ],
            "suites": [],
            "passes": [
              "972ba974-17d1-45cf-97e3-378af445194f"
            ],
            "failures": [],
            "pending": [],
            "skipped": [],
            "duration": 1168,
            "root": false,
            "rootEmpty": false,
            "_timeout": 2000
          }
        ],
        "passes": [],
        "failures": [],
        "pending": [],
        "skipped": [],
        "duration": 0,
        "root": true,
        "rootEmpty": true,
        "_timeout": 2000
      },
      {
        "uuid": "b2e2e8a1-29d9-4a82-9c4a-0a64a27d9fc5",
        "title": "",
        "fullFile": "cypress\\integration\\queten4.spec.js",
        "file": "cypress\\integration\\queten4.spec.js",
        "beforeHooks": [],
        "afterHooks": [],
        "tests": [],
        "suites": [
          {
            "uuid": "19cdc5b6-1a26-4478-9fef-7f0545fe2b60",
            "title": "File upload and download tests",
            "fullFile": "",
            "file": "",
            "beforeHooks": [],
            "afterHooks": [],
            "tests": [
              {
                "title": "Upload file and download it in Zip format",
                "fullTitle": "File upload and download tests Upload file and download it in Zip format",
                "timedOut": null,
                "duration": 4595,
                "state": "passed",
                "speed": "slow",
                "pass": true,
                "fail": false,
                "pending": false,
                "context": null,
                "code": "cy.get('#fileField').attachFile('rapport.jpg');\ncy.contains('This bin contains 1 file').should('be.visible');\ncy.get('.fa-cloud-download').click();\ncy.contains('Zip').invoke('attr', 'href').then(function (downloadLink) {\n  cy.log(downloadLink);\n  cy.downloadFile(downloadLink, 'mydownloads/zipFiles', 'downloadedFromCypress.zip');\n  cy.readFile('mydownloads/zipFiles/downloadedFromCypress.zip');\n});",
                "err": {},
                "uuid": "9f84c43f-8976-4d54-be72-1a58a624f9d2",
                "parentUUID": "19cdc5b6-1a26-4478-9fef-7f0545fe2b60",
                "isHook": false,
                "skipped": false
              },
              {
                "title": "Upload file and download it in Tar format",
                "fullTitle": "File upload and download tests Upload file and download it in Tar format",
                "timedOut": null,
                "duration": 2486,
                "state": "passed",
                "speed": "slow",
                "pass": true,
                "fail": false,
                "pending": false,
                "context": null,
                "code": "cy.get('#fileField').attachFile('rapport.jpg');\ncy.contains('This bin contains 1 file').should('be.visible');\ncy.get('.fa-cloud-download').click();\ncy.contains('Tar').invoke('attr', 'href').then(function (downloadLink) {\n  cy.log(downloadLink);\n  cy.downloadFile(downloadLink, 'mydownloads/tarFiles', 'downloadedFromCypress.tar');\n  cy.readFile('mydownloads/tarFiles/downloadedFromCypress.tar');\n});",
                "err": {},
                "uuid": "186d9938-4377-4ce4-8138-68677d3fc381",
                "parentUUID": "19cdc5b6-1a26-4478-9fef-7f0545fe2b60",
                "isHook": false,
                "skipped": false
              },
              {
                "title": "Upload file and download it in Tar format",
                "fullTitle": "File upload and download tests Upload file and download it in Tar format",
                "timedOut": null,
                "duration": 5963,
                "state": "failed",
                "speed": null,
                "pass": false,
                "fail": true,
                "pending": false,
                "context": null,
                "code": "cy.get('#fileField').attachFile('rapport.jpg');\ncy.get('.nav-link btn btn-primary').attachFile('photo2.jpg');\ncy.contains('This bin contains 2 file').should('be.visible');",
                "err": {
                  "message": "AssertionError: Timed out retrying: Expected to find element: `.nav-link btn btn-primary`, but never found it.",
                  "estack": "AssertionError: Timed out retrying: Expected to find element: `.nav-link btn btn-primary`, but never found it.\n    at Context.eval (https://filebin.net/__cypress/tests?p=cypress\\integration\\queten4.spec.js:30:8)",
                  "diff": null
                },
                "uuid": "62655eec-4cc1-4a87-8715-fc5784c7e8ce",
                "parentUUID": "19cdc5b6-1a26-4478-9fef-7f0545fe2b60",
                "isHook": false,
                "skipped": false
              }
            ],
            "suites": [],
            "passes": [
              "9f84c43f-8976-4d54-be72-1a58a624f9d2",
              "186d9938-4377-4ce4-8138-68677d3fc381"
            ],
            "failures": [
              "62655eec-4cc1-4a87-8715-fc5784c7e8ce"
            ],
            "pending": [],
            "skipped": [],
            "duration": 13044,
            "root": false,
            "rootEmpty": false,
            "_timeout": 2000
          }
        ],
        "passes": [],
        "failures": [],
        "pending": [],
        "skipped": [],
        "duration": 0,
        "root": true,
        "rootEmpty": true,
        "_timeout": 2000
      }
    ],
    "meta": {
      "mocha": {
        "version": "7.0.1"
      },
      "mochawesome": {
        "options": {
          "quiet": false,
          "reportFilename": "mochawesome",
          "saveHtml": false,
          "saveJson": true,
          "consoleReporter": "spec",
          "useInlineDiffs": false,
          "code": true
        },
        "version": "6.1.1"
      },
      "marge": {
        "options": {
          "reportDir": "cypress/results",
          "overwrite": false,
          "html": false,
          "json": true
        },
        "version": "5.1.0"
      }
    }
  }
  