{
  "stats": {
    "suites": 1,
    "tests": 3,
    "passes": 2,
    "pending": 0,
    "failures": 1,
    "start": "2020-07-21T21:21:14.452Z",
    "end": "2020-07-21T21:21:29.975Z",
    "duration": 15523,
    "testsRegistered": 3,
    "passPercent": 66.66666666666666,
    "pendingPercent": 0,
    "other": 0,
    "hasOther": false,
    "skipped": 0,
    "hasSkipped": false
  },
  "results": [
    {
      "uuid": "b2e2e8a1-29d9-4a82-9c4a-0a64a27d9fc5",
      "title": "",
      "fullFile": "cypress\\integration\\queten4.spec.js",
      "file": "cypress\\integration\\queten4.spec.js",
      "beforeHooks": [],
      "afterHooks": [],
      "tests": [],
      "suites": [
        {
          "uuid": "19cdc5b6-1a26-4478-9fef-7f0545fe2b60",
          "title": "File upload and download tests",
          "fullFile": "",
          "file": "",
          "beforeHooks": [],
          "afterHooks": [],
          "tests": [
            {
              "title": "Upload file and download it in Zip format",
              "fullTitle": "File upload and download tests Upload file and download it in Zip format",
              "timedOut": null,
              "duration": 4595,
              "state": "passed",
              "speed": "slow",
              "pass": true,
              "fail": false,
              "pending": false,
              "context": null,
              "code": "cy.get('#fileField').attachFile('rapport.jpg');\ncy.contains('This bin contains 1 file').should('be.visible');\ncy.get('.fa-cloud-download').click();\ncy.contains('Zip').invoke('attr', 'href').then(function (downloadLink) {\n  cy.log(downloadLink);\n  cy.downloadFile(downloadLink, 'mydownloads/zipFiles', 'downloadedFromCypress.zip');\n  cy.readFile('mydownloads/zipFiles/downloadedFromCypress.zip');\n});",
              "err": {},
              "uuid": "9f84c43f-8976-4d54-be72-1a58a624f9d2",
              "parentUUID": "19cdc5b6-1a26-4478-9fef-7f0545fe2b60",
              "isHook": false,
              "skipped": false
            },
            {
              "title": "Upload file and download it in Tar format",
              "fullTitle": "File upload and download tests Upload file and download it in Tar format",
              "timedOut": null,
              "duration": 2486,
              "state": "passed",
              "speed": "slow",
              "pass": true,
              "fail": false,
              "pending": false,
              "context": null,
              "code": "cy.get('#fileField').attachFile('rapport.jpg');\ncy.contains('This bin contains 1 file').should('be.visible');\ncy.get('.fa-cloud-download').click();\ncy.contains('Tar').invoke('attr', 'href').then(function (downloadLink) {\n  cy.log(downloadLink);\n  cy.downloadFile(downloadLink, 'mydownloads/tarFiles', 'downloadedFromCypress.tar');\n  cy.readFile('mydownloads/tarFiles/downloadedFromCypress.tar');\n});",
              "err": {},
              "uuid": "186d9938-4377-4ce4-8138-68677d3fc381",
              "parentUUID": "19cdc5b6-1a26-4478-9fef-7f0545fe2b60",
              "isHook": false,
              "skipped": false
            },
            {
              "title": "Upload file and download it in Tar format",
              "fullTitle": "File upload and download tests Upload file and download it in Tar format",
              "timedOut": null,
              "duration": 5963,
              "state": "failed",
              "speed": null,
              "pass": false,
              "fail": true,
              "pending": false,
              "context": null,
              "code": "cy.get('#fileField').attachFile('rapport.jpg');\ncy.get('.nav-link btn btn-primary').attachFile('photo2.jpg');\ncy.contains('This bin contains 2 file').should('be.visible');",
              "err": {
                "message": "AssertionError: Timed out retrying: Expected to find element: `.nav-link btn btn-primary`, but never found it.",
                "estack": "AssertionError: Timed out retrying: Expected to find element: `.nav-link btn btn-primary`, but never found it.\n    at Context.eval (https://filebin.net/__cypress/tests?p=cypress\\integration\\queten4.spec.js:30:8)",
                "diff": null
              },
              "uuid": "62655eec-4cc1-4a87-8715-fc5784c7e8ce",
              "parentUUID": "19cdc5b6-1a26-4478-9fef-7f0545fe2b60",
              "isHook": false,
              "skipped": false
            }
          ],
          "suites": [],
          "passes": [
            "9f84c43f-8976-4d54-be72-1a58a624f9d2",
            "186d9938-4377-4ce4-8138-68677d3fc381"
          ],
          "failures": [
            "62655eec-4cc1-4a87-8715-fc5784c7e8ce"
          ],
          "pending": [],
          "skipped": [],
          "duration": 13044,
          "root": false,
          "rootEmpty": false,
          "_timeout": 2000
        }
      ],
      "passes": [],
      "failures": [],
      "pending": [],
      "skipped": [],
      "duration": 0,
      "root": true,
      "rootEmpty": true,
      "_timeout": 2000
    }
  ],
  "meta": {
    "mocha": {
      "version": "7.0.1"
    },
    "mochawesome": {
      "options": {
        "quiet": false,
        "reportFilename": "mochawesome",
        "saveHtml": false,
        "saveJson": true,
        "consoleReporter": "spec",
        "useInlineDiffs": false,
        "code": true
      },
      "version": "6.1.1"
    },
    "marge": {
      "options": {
        "reportDir": "cypress/results",
        "overwrite": false,
        "html": false,
        "json": true
      },
      "version": "5.1.0"
    }
  }
}